Arguments: 
  /usr/bin/node /home/satikin/robotweld/server/node_modules/.bin/yarn init

PATH: 
  /home/satikin/robotweld/server/node_modules/.bin:/usr/local/sbin:/usr/local/bin:/usr/sbin:/usr/bin:/sbin:/bin:/usr/games:/usr/local/games:/snap/bin

Yarn version: 
  1.22.4

Node version: 
  14.8.0

Platform: 
  linux x64

Trace: 
  Error: canceled
      at Interface.<anonymous> (/home/satikin/robotweld/server/node_modules/yarn/lib/cli.js:137008:13)
      at Interface.emit (events.js:314:20)
      at Interface._ttyWrite (readline.js:875:16)
      at ReadStream.onkeypress (readline.js:213:10)
      at ReadStream.emit (events.js:314:20)
      at emitKeys (internal/readline/utils.js:335:14)
      at emitKeys.next (<anonymous>)
      at ReadStream.onData (readline.js:1144:36)
      at ReadStream.emit (events.js:314:20)
      at addChunk (_stream_readable.js:303:12)

npm manifest: 
  {
    "name": "server",
    "version": "1.0.0",
    "description": "",
    "main": "index.js",
    "scripts": {
      "test": "echo \"Error: no test specified\" && exit 1"
    },
    "repository": {
      "type": "git",
      "url": "git+https://bitbucket.org/nxanthopou/robotweldar.git"
    },
    "author": "",
    "license": "ISC",
    "homepage": "https://bitbucket.org/nxanthopou/robotweldar#readme",
    "dependencies": {
      "yarn": "^1.22.4"
    }
  }

yarn manifest: 
  No manifest

Lockfile: 
  No lockfile
